<?xml version="1.0" encoding="UTF-8"?>
<!-- Generated by org.testng.reporters.JUnitReportReporter -->
<testsuite hostname="SKY-20160521ARY" name="com.android.Test.Test.TestLogin" tests="3" failures="0" timestamp="24 May 2017 08:39:27 GMT" time="78.236" errors="0">
  <testcase name="testLogin1" time="23.760" classname="com.android.Test.Test.TestLogin"/>
  <testcase name="testLoogin3" time="18.797" classname="com.android.Test.Test.TestLogin"/>
  <testcase name="testLogin2" time="35.679" classname="com.android.Test.Test.TestLogin"/>
</testsuite> <!-- com.android.Test.Test.TestLogin -->
